Drill report for /home/stuartl/projects/dc-dc-psu/driver/driver.kicad_pcb
Created on Sun 21 Oct 2018 13:37:52 EST

Copper Layer Stackup:
    =============================================================
    L1 :  F.Cu                      front
    L2 :  B.Cu                      back


Drill file 'driver-PTH.drl' contains
    plated through holes:
    =============================================================
    T1  0.30mm  0.012"  (8 holes)
    T2  0.40mm  0.016"  (14 holes)
    T3  0.50mm  0.020"  (32 holes)
    T4  1.00mm  0.039"  (6 holes)
    T5  1.20mm  0.047"  (8 holes)
    T6  3.00mm  0.118"  (4 holes)

    Total plated holes count 72


Drill file 'driver-NPTH.drl' contains
    unplated through holes:
    =============================================================

    Total unplated holes count 0
